Added Component: Designator=esp32-pico-d4(esp32picod4)
Added Pin To Net: NetName=Netesp32-pico-d4_4 Pin=esp32-pico-d4-4
Added Pin To Net: NetName=Netesp32-pico-d4_5 Pin=esp32-pico-d4-5
Added Pin To Net: NetName=I1 Pin=esp32-pico-d4-6
Added Pin To Net: NetName=I2 Pin=esp32-pico-d4-7
Added Pin To Net: NetName=I3 Pin=esp32-pico-d4-8
Added Pin To Net: NetName=I4 Pin=esp32-pico-d4-9
Added Pin To Net: NetName=I5 Pin=esp32-pico-d4-10
Added Pin To Net: NetName=I6 Pin=esp32-pico-d4-11
Added Pin To Net: NetName=I7 Pin=esp32-pico-d4-12
Added Pin To Net: NetName=I8 Pin=esp32-pico-d4-13
Added Pin To Net: NetName=Netesp32-pico-d4_14 Pin=esp32-pico-d4-14
Added Pin To Net: NetName=Netesp32-pico-d4_15 Pin=esp32-pico-d4-15
Added Pin To Net: NetName=Netesp32-pico-d4_16 Pin=esp32-pico-d4-16
Added Pin To Net: NetName=Netesp32-pico-d4_17 Pin=esp32-pico-d4-17
Added Pin To Net: NetName=+3.3 Pin=esp32-pico-d4-18
Added Pin To Net: NetName=GND Pin=esp32-pico-d4-19
Added Pin To Net: NetName=+5 Pin=esp32-pico-d4-20
Added Pin To Net: NetName=GND Pin=esp32-pico-d4-22
Added Pin To Net: NetName=Netesp32-pico-d4_24 Pin=esp32-pico-d4-24
Added Pin To Net: NetName=Netesp32-pico-d4_25 Pin=esp32-pico-d4-25
Added Pin To Net: NetName=Netesp32-pico-d4_26 Pin=esp32-pico-d4-26
Added Pin To Net: NetName=Netesp32-pico-d4_27 Pin=esp32-pico-d4-27
Added Pin To Net: NetName=Netesp32-pico-d4_30 Pin=esp32-pico-d4-30
Added Pin To Net: NetName=Netesp32-pico-d4_31 Pin=esp32-pico-d4-31
Added Pin To Net: NetName=Netesp32-pico-d4_32 Pin=esp32-pico-d4-32
Added Pin To Net: NetName=Netesp32-pico-d4_33 Pin=esp32-pico-d4-33
Added Pin To Net: NetName=Netesp32-pico-d4_34 Pin=esp32-pico-d4-34
Added Pin To Net: NetName=Netesp32-pico-d4_35 Pin=esp32-pico-d4-35
Added Pin To Net: NetName=Netesp32-pico-d4_36 Pin=esp32-pico-d4-36
Added Pin To Net: NetName=Netesp32-pico-d4_37 Pin=esp32-pico-d4-37
Added Member To Class: ClassName=Sheet1 Member=Component esp32-pico-d4
Added Room: Name=Sheet1
